TN:
SF:/Users/markusjuuti/Documents/kid/src/code-coverage-test/src/__init__.py
LF:0
LH:0
end_of_record
TN:
SF:/Users/markusjuuti/Documents/kid/src/code-coverage-test/src/file_with_funcs.py
DA:1,1
DA:2,1
DA:5,1
DA:6,0
DA:9,1
DA:10,1
DA:13,1
DA:14,0
DA:17,1
DA:18,0
DA:21,1
DA:22,0
DA:25,1
DA:26,1
DA:29,1
DA:30,1
DA:33,1
DA:34,0
DA:36,1
DA:37,0
DA:39,1
DA:40,0
LF:22
LH:15
end_of_record
TN:
SF:/Users/markusjuuti/Documents/kid/src/code-coverage-test/test/__init__.py
LF:0
LH:0
end_of_record
TN:
SF:/Users/markusjuuti/Documents/kid/src/code-coverage-test/test/unittests.py
DA:1,1
DA:2,1
DA:3,1
DA:5,1
DA:7,1
DA:8,1
DA:9,1
DA:11,1
DA:13,1
DA:14,1
DA:17,1
LF:11
LH:11
end_of_record
